[2021-01-04 11:35:01,598-logger.py]-DEBUG:返回结果：{'success': True, 'msg': None, 'errorCode': None, 'object': {'loginVo': {'userVo': {'id': 52, 'gmtModified': 1609731301352, 'gmtCreated': 1602316460206, 'creator': '', 'modifier': '', 'username': '9', 'personName': '11', 'userType': 10, 'userTypeEnum': 'CUSTOMER', 'status': 1, 'userStatusEnum': 'NORMAL', 'brandId': 0, 'shopId': 0, 'avatar': 'https://thirdwx.qlogo.cn/mmopen/vi_32/oI4uufyjFwlytkewd6pdyQUeP6U1aRibIlGNibvlQYntQPXpd8wULttiaSib9CBSIdXTGBczJvUoFe3N15ibnDyLW4w/132', 'gender': 2, 'mobile': '', 'mobileBak': '', 'deleted': False}, 'token': '110f5e775feb4f5d8a585f91d6691876', 'brandName': None, 'shopName': None, 'thirdAccountInfo': {'unionId': 'oMilBt0LTixLYmOcMgLtbSTGWwns', 'openId': 'oYXqr5d65Xzh9dZ11udS8Rb1ThfM', 'appId': 'wx2d003fcd85961609'}}}, 'traceId': None}
[2021-01-04 11:56:57,495-logger.py]-DEBUG:{'a': '1', 'p': '6', 'c': '0', 'v': '0.01', 't': '1609732617495', 'loginUserId': '52', 'loginToken': '110f5e775feb4f5d8a585f91d6691876', 's': '#rrs^^5sr!@%5!^r^8', 'Content-Type': 'application/x-www-form-urlencoded'}
[2021-01-04 11:56:57,541-logger.py]-DEBUG:{'success': False, 'msg': 'sign incorrect', 'errorCode': '40000001'}
[2021-01-04 11:56:57,543-logger.py]-DEBUG:返回结果：{'success': False, 'msg': 'sign incorrect', 'errorCode': '40000001'}
[2021-01-04 13:44:14,388-logger.py]-DEBUG:{'a': '1', 'p': '6', 'c': '0', 'v': '0.01', 't': '1609739054387', 'loginUserId': '52', 'loginToken': '110f5e775feb4f5d8a585f91d6691876', 's': '^crs^&5~r~5e5ee!es', 'Content-Type': 'application/x-www-form-urlencoded'}
[2021-01-04 13:44:14,477-logger.py]-DEBUG:{'success': False, 'msg': None, 'errorCode': '500', 'object': None, 'traceId': None}
[2021-01-04 13:44:14,478-logger.py]-DEBUG:返回结果：{'success': False, 'msg': None, 'errorCode': '500', 'object': None, 'traceId': None}
[2021-01-04 13:45:20,088-logger.py]-DEBUG:返回结果：{'success': True, 'msg': None, 'errorCode': None, 'object': {'loginVo': {'userVo': {'id': 52, 'gmtModified': 1609739119626, 'gmtCreated': 1602316460206, 'creator': '', 'modifier': '', 'username': '9', 'personName': '11', 'userType': 10, 'userTypeEnum': 'CUSTOMER', 'status': 1, 'userStatusEnum': 'NORMAL', 'brandId': 0, 'shopId': 0, 'avatar': 'https://thirdwx.qlogo.cn/mmopen/vi_32/oI4uufyjFwlytkewd6pdyQUeP6U1aRibIlGNibvlQYntQPXpd8wULttiaSib9CBSIdXTGBczJvUoFe3N15ibnDyLW4w/132', 'gender': 2, 'mobile': '', 'mobileBak': '', 'deleted': False}, 'token': '00836f45b1ad40e38dcb8e15204a6d80', 'brandName': None, 'shopName': None, 'thirdAccountInfo': {'unionId': 'oMilBt0LTixLYmOcMgLtbSTGWwns', 'openId': 'oYXqr5d65Xzh9dZ11udS8Rb1ThfM', 'appId': 'wx2d003fcd85961609'}}}, 'traceId': None}
[2021-01-04 13:45:26,813-logger.py]-DEBUG:{'a': '1', 'p': '6', 'c': '0', 'v': '0.01', 't': '1609739126812', 'loginUserId': '52', 'loginToken': '00836f45b1ad40e38dcb8e15204a6d80', 's': '^$#%r@r0#%6~#^r@!8', 'Content-Type': 'application/x-www-form-urlencoded'}
[2021-01-04 13:45:26,855-logger.py]-DEBUG:{'success': False, 'msg': 'sign incorrect', 'errorCode': '40000001'}
[2021-01-04 13:45:26,856-logger.py]-DEBUG:返回结果：{'success': False, 'msg': 'sign incorrect', 'errorCode': '40000001'}
[2021-01-04 13:49:12,352-logger.py]-DEBUG:{'a': '1', 'p': '6', 'c': '0', 'v': '0.01', 't': '1609739352352', 'loginUserId': '52', 'loginToken': '00836f45b1ad40e38dcb8e15204a6d80', 's': '^^5sr~r0#%6~#&r0@0', 'Content-Type': 'application/x-www-form-urlencoded'}
[2021-01-04 13:49:12,396-logger.py]-DEBUG:{'success': False, 'msg': 'sign incorrect', 'errorCode': '40000001'}
[2021-01-04 13:49:12,396-logger.py]-DEBUG:返回结果：{'success': False, 'msg': 'sign incorrect', 'errorCode': '40000001'}
[2021-01-04 13:50:48,782-logger.py]-DEBUG:{'a': '1', 'p': '6', 'c': '0', 'v': '0.01', 't': '1609739448781', 'loginUserId': '52', 'loginToken': '00836f45b1ad40e38dcb8e15204a6d80', 's': 'r#5e^rr~#%6~#cr!@0', 'Content-Type': 'application/x-www-form-urlencoded'}
[2021-01-04 13:50:48,832-logger.py]-DEBUG:{'success': False, 'msg': 'sign incorrect', 'errorCode': '40000001'}
[2021-01-04 13:50:48,833-logger.py]-DEBUG:返回结果：{'success': False, 'msg': 'sign incorrect', 'errorCode': '40000001'}
[2021-01-04 13:51:05,021-logger.py]-DEBUG:{'a': '1', 'p': '6', 'c': '0', 'v': '0.01', 't': '1609739465020', 'loginUserId': '52', 'loginToken': '00836f45b1ad40e38dcb8e15204a6d80', 's': '^85!r5rs#%6~#cr~@0', 'Content-Type': 'application/x-www-form-urlencoded'}
[2021-01-04 13:51:05,063-logger.py]-DEBUG:{'success': False, 'msg': 'sign incorrect', 'errorCode': '40000001'}
[2021-01-04 13:51:05,064-logger.py]-DEBUG:返回结果：{'success': False, 'msg': 'sign incorrect', 'errorCode': '40000001'}
[2021-01-04 13:51:33,357-logger.py]-DEBUG:{'a': '1', 'p': '6', 'c': '0', 'v': '0.01', 't': '1609739493356', 'loginUserId': '52', 'loginToken': '00836f45b1ad40e38dcb8e15204a6d80', 's': '^r5sr~r5#%6~#c^6~c', 'Content-Type': 'application/x-www-form-urlencoded'}
[2021-01-04 13:51:33,399-logger.py]-DEBUG:{'success': False, 'msg': 'sign incorrect', 'errorCode': '40000001'}
[2021-01-04 13:51:33,400-logger.py]-DEBUG:返回结果：{'success': False, 'msg': 'sign incorrect', 'errorCode': '40000001'}
[2021-01-04 13:51:57,192-logger.py]-DEBUG:{'a': '1', 'p': '6', 'c': '0', 'v': '0.01', 't': '1609739517191', 'loginUserId': '52', 'loginToken': '00836f45b1ad40e38dcb8e15204a6d80', 's': '8sse%6%6~^8e~^85~%', 'Content-Type': 'application/json'}
[2021-01-04 13:51:57,236-logger.py]-DEBUG:{'success': False, 'msg': "Request method 'PUT' not supported", 'errorCode': '500', 'object': None, 'traceId': None}
[2021-01-04 13:51:57,236-logger.py]-DEBUG:返回结果：{'success': False, 'msg': "Request method 'PUT' not supported", 'errorCode': '500', 'object': None, 'traceId': None}
[2021-01-04 13:52:20,933-logger.py]-DEBUG:{'a': '1', 'p': '6', 'c': '0', 'v': '0.01', 't': '1609739540933', 'loginUserId': '52', 'loginToken': '00836f45b1ad40e38dcb8e15204a6d80', 's': '8sse%6%6~^8~~8%66@', 'Content-Type': 'application/json'}
[2021-01-04 13:52:20,977-logger.py]-DEBUG:{'success': False, 'msg': "Request method 'POST' not supported", 'errorCode': '500', 'object': None, 'traceId': None}
[2021-01-04 13:52:20,977-logger.py]-DEBUG:返回结果：{'success': False, 'msg': "Request method 'POST' not supported", 'errorCode': '500', 'object': None, 'traceId': None}
[2021-01-04 13:52:36,658-logger.py]-DEBUG:{'a': '1', 'p': '6', 'c': '0', 'v': '0.01', 't': '1609739556657', 'loginUserId': '52', 'loginToken': '00836f45b1ad40e38dcb8e15204a6d80', 's': '8sse%6%6~^8s~r8~~%', 'Content-Type': 'application/json'}
[2021-01-04 13:52:36,853-logger.py]-DEBUG:{'success': True, 'msg': None, 'errorCode': None, 'object': {'list': [], 'page': 0, 'pageCount': 0, 'pageSize': 20, 'total': 0}, 'traceId': None}
[2021-01-04 13:52:36,854-logger.py]-DEBUG:返回结果：{'success': True, 'msg': None, 'errorCode': None, 'object': {'list': [], 'page': 0, 'pageCount': 0, 'pageSize': 20, 'total': 0}, 'traceId': None}
[2021-01-04 14:11:17,389-logger.py]-DEBUG:{'a': '1', 'p': '6', 'c': '0', 'v': '0.01', 't': '1609740677388', 'loginUserId': '52', 'loginToken': '00836f45b1ad40e38dcb8e15204a6d80', 's': '#85@^rre#$^8#8es~0', 'Content-Type': 'application/x-www-form-urlencoded'}
[2021-01-04 14:11:17,451-logger.py]-DEBUG:{'success': False, 'msg': None, 'errorCode': '500', 'object': None, 'traceId': None}
[2021-01-04 14:11:17,453-logger.py]-DEBUG:返回结果：{'success': False, 'msg': None, 'errorCode': '500', 'object': None, 'traceId': None}
[2021-01-04 14:14:25,290-logger.py]-DEBUG:{'a': '1', 'p': '6', 'c': '0', 'v': '0.01', 't': '1609740865290', 'loginUserId': '52', 'loginToken': '00836f45b1ad40e38dcb8e15204a6d80', 's': '#65e^6r@#cr0#$e!@$', 'Content-Type': 'application/x-www-form-urlencoded'}
[2021-01-04 14:14:25,350-logger.py]-DEBUG:{'success': True, 'msg': None, 'errorCode': None, 'object': True, 'traceId': None}
[2021-01-04 14:14:25,351-logger.py]-DEBUG:返回结果：{'success': True, 'msg': None, 'errorCode': None, 'object': True, 'traceId': None}
[2021-01-04 14:15:56,548-logger.py]-DEBUG:{'a': '1', 'p': '6', 'c': '0', 'v': '0.01', 't': '1609740956546', 'loginUserId': '52', 'loginToken': '00836f45b1ad40e38dcb8e15204a6d80', 's': '5@5#^^r05@re#8es$5', 'Content-Type': 'application/x-www-form-urlencoded'}
[2021-01-04 14:15:56,651-logger.py]-DEBUG:{'success': False, 'msg': None, 'errorCode': '500', 'object': None, 'traceId': None}
[2021-01-04 14:15:56,652-logger.py]-DEBUG:返回结果：{'success': False, 'msg': None, 'errorCode': '500', 'object': None, 'traceId': None}
[2021-01-04 14:42:26,209-logger.py]-DEBUG:{'a': '1', 'p': '6', 'c': '0', 'v': '0.01', 't': '1609742546208', 'loginUserId': '52', 'loginToken': '00836f45b1ad40e38dcb8e15204a6d80', 's': '#$55^^r@5~^8#8e0!#', 'Content-Type': 'application/x-www-form-urlencoded'}
[2021-01-04 14:42:26,250-logger.py]-DEBUG:{'success': False, 'msg': '账号异常，请重新登录', 'errorCode': '40000007'}
[2021-01-04 14:42:26,260-logger.py]-DEBUG:返回结果：{'success': False, 'msg': '账号异常，请重新登录', 'errorCode': '40000007'}
[2021-01-04 14:42:48,725-logger.py]-DEBUG:返回结果：{'success': True, 'msg': None, 'errorCode': None, 'object': {'loginVo': {'userVo': {'id': 52, 'gmtModified': 1609742568176, 'gmtCreated': 1602316460206, 'creator': '', 'modifier': '', 'username': '9', 'personName': '11', 'userType': 10, 'userTypeEnum': 'CUSTOMER', 'status': 1, 'userStatusEnum': 'NORMAL', 'brandId': 0, 'shopId': 0, 'avatar': 'https://thirdwx.qlogo.cn/mmopen/vi_32/oI4uufyjFwlytkewd6pdyQUeP6U1aRibIlGNibvlQYntQPXpd8wULttiaSib9CBSIdXTGBczJvUoFe3N15ibnDyLW4w/132', 'gender': 2, 'mobile': '', 'mobileBak': '', 'deleted': False}, 'token': '928a0e8455ed4309850a1850f8d5d045', 'brandName': None, 'shopName': None, 'thirdAccountInfo': {'unionId': 'oMilBt0LTixLYmOcMgLtbSTGWwns', 'openId': 'oYXqr5d65Xzh9dZ11udS8Rb1ThfM', 'appId': 'wx2d003fcd85961609'}}}, 'traceId': None}
[2021-01-04 14:42:54,798-logger.py]-DEBUG:{'a': '1', 'p': '6', 'c': '0', 'v': '0.01', 't': '1609742574797', 'loginUserId': '52', 'loginToken': '928a0e8455ed4309850a1850f8d5d045', 's': '^c#6r@#&#&rsr#@%^#', 'Content-Type': 'application/x-www-form-urlencoded'}
[2021-01-04 14:42:54,858-logger.py]-DEBUG:{'success': False, 'msg': None, 'errorCode': '500', 'object': None, 'traceId': None}
[2021-01-04 14:42:54,860-logger.py]-DEBUG:返回结果：{'success': False, 'msg': None, 'errorCode': '500', 'object': None, 'traceId': None}
[2021-01-04 14:50:29,325-logger.py]-DEBUG:{'a': '1', 'p': '6', 'c': '0', 'v': '0.01', 't': '1609743029323', 'loginUserId': '52', 'loginToken': '928a0e8455ed4309850a1850f8d5d045', 's': '&%#%^c#%5erer#@8!~', 'Content-Type': 'application/x-www-form-urlencoded'}
[2021-01-04 14:50:29,392-logger.py]-DEBUG:{'success': False, 'msg': None, 'errorCode': '500', 'object': None, 'traceId': None}
[2021-01-04 14:50:29,392-logger.py]-DEBUG:返回结果：{'success': False, 'msg': None, 'errorCode': '500', 'object': None, 'traceId': None}
[2021-01-04 14:52:02,709-logger.py]-DEBUG:{'a': '1', 'p': '6', 'c': '0', 'v': '0.01', 't': '1609743122707', 'loginUserId': '52', 'loginToken': '928a0e8455ed4309850a1850f8d5d045', 's': 's~~&8!~%~6808@%$8$', 'Content-Type': 'application/json'}
[2021-01-04 14:52:02,759-logger.py]-DEBUG:{'success': False, 'msg': "Required String parameter 'roomId' is not present", 'errorCode': '500', 'object': None, 'traceId': None}
[2021-01-04 14:52:02,762-logger.py]-DEBUG:返回结果：{'success': False, 'msg': "Required String parameter 'roomId' is not present", 'errorCode': '500', 'object': None, 'traceId': None}
[2021-01-04 14:52:24,602-logger.py]-DEBUG:{'a': '1', 'p': '6', 'c': '0', 'v': '0.01', 't': '1609743144601', 'loginUserId': '52', 'loginToken': '928a0e8455ed4309850a1850f8d5d045', 's': 's~~&8!~%~68e8!%c8$', 'Content-Type': 'application/json'}
[2021-01-04 14:52:24,643-logger.py]-DEBUG:{'success': False, 'msg': "Required String parameter 'roomId' is not present", 'errorCode': '500', 'object': None, 'traceId': None}
[2021-01-04 14:52:24,644-logger.py]-DEBUG:返回结果：{'success': False, 'msg': "Required String parameter 'roomId' is not present", 'errorCode': '500', 'object': None, 'traceId': None}
[2021-01-04 14:52:42,630-logger.py]-DEBUG:{'a': '1', 'p': '6', 'c': '0', 'v': '0.01', 't': '1609743162630', 'loginUserId': '52', 'loginToken': '928a0e8455ed4309850a1850f8d5d045', 's': 's~~&8!~%~6858@%c8$', 'Content-Type': 'application/json'}
[2021-01-04 14:52:42,676-logger.py]-DEBUG:{'success': False, 'msg': 'sign incorrect', 'errorCode': '40000001'}
[2021-01-04 14:52:42,677-logger.py]-DEBUG:返回结果：{'success': False, 'msg': 'sign incorrect', 'errorCode': '40000001'}
[2021-01-04 14:53:43,587-logger.py]-DEBUG:{'a': '1', 'p': '6', 'c': '0', 'v': '0.01', 't': '1609743223586', 'loginUserId': '52', 'loginToken': '928a0e8455ed4309850a1850f8d5d045', 's': '&$#%r0#^#6r~r#@8@!', 'Content-Type': 'application/x-www-form-urlencoded'}
[2021-01-04 14:53:43,643-logger.py]-DEBUG:{'success': False, 'msg': None, 'errorCode': '500', 'object': None, 'traceId': None}
[2021-01-04 14:53:43,644-logger.py]-DEBUG:返回结果：{'success': False, 'msg': None, 'errorCode': '500', 'object': None, 'traceId': None}
[2021-01-04 14:55:45,877-logger.py]-DEBUG:{'a': '1', 'p': '6', 'c': '0', 'v': '0.01', 't': '1609743345877', 'loginUserId': '52', 'loginToken': '928a0e8455ed4309850a1850f8d5d045', 's': '&c#^re5s5~rsr#@8$s', 'Content-Type': 'application/x-www-form-urlencoded'}
[2021-01-04 14:55:45,921-logger.py]-DEBUG:{'success': False, 'msg': '账号异常，请重新登录', 'errorCode': '40000007'}
[2021-01-04 14:55:45,922-logger.py]-DEBUG:返回结果：{'success': False, 'msg': '账号异常，请重新登录', 'errorCode': '40000007'}
[2021-01-04 14:57:12,059-logger.py]-DEBUG:{'a': '1', 'p': '6', 'c': '0', 'v': '0.01', 't': '1609743432058', 'loginUserId': '52', 'loginToken': '928a0e8455ed4309850a1850f8d5d045', 's': '&&#8r!#c5!^&r#@8!~', 'Content-Type': 'application/x-www-form-urlencoded'}
[2021-01-04 14:57:12,098-logger.py]-DEBUG:{'success': False, 'msg': '账号异常，请重新登录', 'errorCode': '40000007'}
[2021-01-04 14:57:12,099-logger.py]-DEBUG:返回结果：{'success': False, 'msg': '账号异常，请重新登录', 'errorCode': '40000007'}
[2021-01-04 14:57:20,791-logger.py]-DEBUG:返回结果：{'success': True, 'msg': None, 'errorCode': None, 'object': {'loginVo': {'userVo': {'id': 52, 'gmtModified': 1609743440222, 'gmtCreated': 1602316460206, 'creator': '', 'modifier': '', 'username': '9', 'personName': '11', 'userType': 10, 'userTypeEnum': 'CUSTOMER', 'status': 1, 'userStatusEnum': 'NORMAL', 'brandId': 0, 'shopId': 0, 'avatar': 'https://thirdwx.qlogo.cn/mmopen/vi_32/oI4uufyjFwlytkewd6pdyQUeP6U1aRibIlGNibvlQYntQPXpd8wULttiaSib9CBSIdXTGBczJvUoFe3N15ibnDyLW4w/132', 'gender': 2, 'mobile': '', 'mobileBak': '', 'deleted': False}, 'token': 'd349bc8914554ea38e3b31ce7bd0b815', 'brandName': None, 'shopName': None, 'thirdAccountInfo': {'unionId': 'oMilBt0LTixLYmOcMgLtbSTGWwns', 'openId': 'oYXqr5d65Xzh9dZ11udS8Rb1ThfM', 'appId': 'wx2d003fcd85961609'}}}, 'traceId': None}
[2021-01-04 14:57:25,239-logger.py]-DEBUG:{'a': '1', 'p': '6', 'c': '0', 'v': '0.01', 't': '1609743445237', 'loginUserId': '52', 'loginToken': 'd349bc8914554ea38e3b31ce7bd0b815', 's': '&^^&^r5s^8^&5~&%6r', 'Content-Type': 'application/x-www-form-urlencoded'}
[2021-01-04 14:57:25,302-logger.py]-DEBUG:{'success': False, 'msg': None, 'errorCode': '500', 'object': None, 'traceId': None}
[2021-01-04 14:57:25,303-logger.py]-DEBUG:返回结果：{'success': False, 'msg': None, 'errorCode': '500', 'object': None, 'traceId': None}
[2021-01-04 14:58:47,440-logger.py]-DEBUG:{'a': '1', 'p': '6', 'c': '0', 'v': '0.01', 't': '1609743527439', 'loginUserId': '52', 'loginToken': 'd349bc8914554ea38e3b31ce7bd0b815', 's': '&r^$^655^8r~5~&%05', 'Content-Type': 'application/x-www-form-urlencoded'}
[2021-01-04 14:58:47,507-logger.py]-DEBUG:{'success': False, 'msg': None, 'errorCode': '500', 'object': None, 'traceId': None}
[2021-01-04 14:58:47,509-logger.py]-DEBUG:返回结果：{'success': False, 'msg': None, 'errorCode': '500', 'object': None, 'traceId': None}
[2021-01-04 15:01:33,360-logger.py]-DEBUG:{'a': '1', 'p': '6', 'c': '0', 'v': '1.0.0', 't': '1609743693360', 'loginUserId': '52', 'loginToken': 'd349bc8914554ea38e3b31ce7bd0b815', 's': '&&r0^85~^&^c5s&%05', 'Content-Type': 'application/x-www-form-urlencoded'}
[2021-01-04 15:01:33,419-logger.py]-DEBUG:{'success': True, 'msg': None, 'errorCode': None, 'object': {'roomLogo': 'https://vipshop-test.oss-cn-shanghai.aliyuncs.com/657a99c4-9c13-416d-82d9-d868d32ddb86_broadcast_cover_13048052192_1608515333.jpg', 'roomStartTime': 1609742365055, 'roomDesc': '', 'shopName': '11', 'roomSubStatus': 1, 'webSocketUrl': 'ws://10.4.24.15:20000/sub', 'roomCode': '27fcf7a6-7966-4354-b552-34e8a3e04381', 'wangsuPullUrl': 'rtmp://rtmp-vipshop.mikktv.xyz/vipshop/27fcf7a6-7966-4354-b552-34e8a3e04381', 'shopAvatarPic': {'origin': 'https://vipshop-test.oss-cn-shanghai.aliyuncs.com/fc1f596d-dd0b-459e-b281-868683f66361_zhu1.jpg', 'w100': 'https://vipshop-test.oss-cn-shanghai.aliyuncs.com/fc1f596d-dd0b-459e-b281-868683f66361_zhu1.jpg?x-oss-process=image/resize,w_100,limit_0', 'w300': 'https://vipshop-test.oss-cn-shanghai.aliyuncs.com/fc1f596d-dd0b-459e-b281-868683f66361_zhu1.jpg?x-oss-process=image/resize,w_300,limit_0', 'w750': 'https://vipshop-test.oss-cn-shanghai.aliyuncs.com/fc1f596d-dd0b-459e-b281-868683f66361_zhu1.jpg?x-oss-process=image/resize,w_750,limit_0'}, 'roomId': '12is', 'shopAvatar': 'https://vipshop-test.oss-cn-shanghai.aliyuncs.com/fc1f596d-dd0b-459e-b281-868683f66361_zhu1.jpg', 'roomStatus': 1, 'itemTotal': 0, 'hasExplainItem': False, 'roomLogoPic': {'origin': 'https://vipshop-test.oss-cn-shanghai.aliyuncs.com/657a99c4-9c13-416d-82d9-d868d32ddb86_broadcast_cover_13048052192_1608515333.jpg', 'w100': 'https://vipshop-test.oss-cn-shanghai.aliyuncs.com/657a99c4-9c13-416d-82d9-d868d32ddb86_broadcast_cover_13048052192_1608515333.jpg?x-oss-process=image/resize,w_100,limit_0', 'w300': 'https://vipshop-test.oss-cn-shanghai.aliyuncs.com/657a99c4-9c13-416d-82d9-d868d32ddb86_broadcast_cover_13048052192_1608515333.jpg?x-oss-process=image/resize,w_300,limit_0', 'w750': 'https://vipshop-test.oss-cn-shanghai.aliyuncs.com/657a99c4-9c13-416d-82d9-d868d32ddb86_broadcast_cover_13048052192_1608515333.jpg?x-oss-process=image/resize,w_750,limit_0'}, 'shareUrl': '', 'time': 1609743692849, 'explainItem': None, 'roomTitle': '顶', 'shopIdStr': '142'}, 'traceId': None}
[2021-01-04 15:01:33,420-logger.py]-DEBUG:返回结果：{'success': True, 'msg': None, 'errorCode': None, 'object': {'roomLogo': 'https://vipshop-test.oss-cn-shanghai.aliyuncs.com/657a99c4-9c13-416d-82d9-d868d32ddb86_broadcast_cover_13048052192_1608515333.jpg', 'roomStartTime': 1609742365055, 'roomDesc': '', 'shopName': '11', 'roomSubStatus': 1, 'webSocketUrl': 'ws://10.4.24.15:20000/sub', 'roomCode': '27fcf7a6-7966-4354-b552-34e8a3e04381', 'wangsuPullUrl': 'rtmp://rtmp-vipshop.mikktv.xyz/vipshop/27fcf7a6-7966-4354-b552-34e8a3e04381', 'shopAvatarPic': {'origin': 'https://vipshop-test.oss-cn-shanghai.aliyuncs.com/fc1f596d-dd0b-459e-b281-868683f66361_zhu1.jpg', 'w100': 'https://vipshop-test.oss-cn-shanghai.aliyuncs.com/fc1f596d-dd0b-459e-b281-868683f66361_zhu1.jpg?x-oss-process=image/resize,w_100,limit_0', 'w300': 'https://vipshop-test.oss-cn-shanghai.aliyuncs.com/fc1f596d-dd0b-459e-b281-868683f66361_zhu1.jpg?x-oss-process=image/resize,w_300,limit_0', 'w750': 'https://vipshop-test.oss-cn-shanghai.aliyuncs.com/fc1f596d-dd0b-459e-b281-868683f66361_zhu1.jpg?x-oss-process=image/resize,w_750,limit_0'}, 'roomId': '12is', 'shopAvatar': 'https://vipshop-test.oss-cn-shanghai.aliyuncs.com/fc1f596d-dd0b-459e-b281-868683f66361_zhu1.jpg', 'roomStatus': 1, 'itemTotal': 0, 'hasExplainItem': False, 'roomLogoPic': {'origin': 'https://vipshop-test.oss-cn-shanghai.aliyuncs.com/657a99c4-9c13-416d-82d9-d868d32ddb86_broadcast_cover_13048052192_1608515333.jpg', 'w100': 'https://vipshop-test.oss-cn-shanghai.aliyuncs.com/657a99c4-9c13-416d-82d9-d868d32ddb86_broadcast_cover_13048052192_1608515333.jpg?x-oss-process=image/resize,w_100,limit_0', 'w300': 'https://vipshop-test.oss-cn-shanghai.aliyuncs.com/657a99c4-9c13-416d-82d9-d868d32ddb86_broadcast_cover_13048052192_1608515333.jpg?x-oss-process=image/resize,w_300,limit_0', 'w750': 'https://vipshop-test.oss-cn-shanghai.aliyuncs.com/657a99c4-9c13-416d-82d9-d868d32ddb86_broadcast_cover_13048052192_1608515333.jpg?x-oss-process=image/resize,w_750,limit_0'}, 'shareUrl': '', 'time': 1609743692849, 'explainItem': None, 'roomTitle': '顶', 'shopIdStr': '142'}, 'traceId': None}
[2021-01-04 15:02:05,193-logger.py]-DEBUG:{'a': '1', 'p': '6', 'c': '0', 'v': '1.0.0', 't': '1609743725192', 'loginUserId': '52', 'loginToken': 'd349bc8914554ea38e3b31ce7bd0b815', 's': '^c^$^r5!rs^85s&%88', 'Content-Type': 'application/x-www-form-urlencoded'}
[2021-01-04 15:02:05,265-logger.py]-DEBUG:{'success': True, 'msg': None, 'errorCode': None, 'object': {'roomLogo': '', 'roomStartTime': 1609729998379, 'roomDesc': '', 'shopName': '聪明且阿豆66', 'roomSubStatus': 0, 'webSocketUrl': 'ws://10.4.24.15:20000/sub', 'roomCode': '3f0f5952-447b-4058-91be-ab9c17b83e02', 'wangsuPullUrl': 'rtmp://rtmp-vipshop.mikktv.xyz/vipshop/3f0f5952-447b-4058-91be-ab9c17b83e02', 'shopAvatarPic': {'origin': 'https://vipshop-test.oss-cn-shanghai.aliyuncs.com/7c4d8900-5e29-4ad4-ac9d-e0b1af37134a_%E5%BE%AE%E4%BF%A1%E5%9B%BE%E7%89%87_20190507135253_WPS%E5%9B%BE%E7%89%87.jpg', 'w100': 'https://vipshop-test.oss-cn-shanghai.aliyuncs.com/7c4d8900-5e29-4ad4-ac9d-e0b1af37134a_%E5%BE%AE%E4%BF%A1%E5%9B%BE%E7%89%87_20190507135253_WPS%E5%9B%BE%E7%89%87.jpg?x-oss-process=image/resize,w_100,limit_0', 'w300': 'https://vipshop-test.oss-cn-shanghai.aliyuncs.com/7c4d8900-5e29-4ad4-ac9d-e0b1af37134a_%E5%BE%AE%E4%BF%A1%E5%9B%BE%E7%89%87_20190507135253_WPS%E5%9B%BE%E7%89%87.jpg?x-oss-process=image/resize,w_300,limit_0', 'w750': 'https://vipshop-test.oss-cn-shanghai.aliyuncs.com/7c4d8900-5e29-4ad4-ac9d-e0b1af37134a_%E5%BE%AE%E4%BF%A1%E5%9B%BE%E7%89%87_20190507135253_WPS%E5%9B%BE%E7%89%87.jpg?x-oss-process=image/resize,w_750,limit_0'}, 'roomId': '12ie', 'shopAvatar': 'https://vipshop-test.oss-cn-shanghai.aliyuncs.com/7c4d8900-5e29-4ad4-ac9d-e0b1af37134a_%E5%BE%AE%E4%BF%A1%E5%9B%BE%E7%89%87_20190507135253_WPS%E5%9B%BE%E7%89%87.jpg', 'roomStatus': 1, 'itemTotal': 0, 'hasExplainItem': False, 'roomLogoPic': {'origin': None, 'w100': None, 'w300': None, 'w750': None}, 'shareUrl': '', 'time': 1609743724681, 'explainItem': None, 'roomTitle': '??1113', 'shopIdStr': '168'}, 'traceId': None}
[2021-01-04 15:02:05,267-logger.py]-DEBUG:返回结果：{'success': True, 'msg': None, 'errorCode': None, 'object': {'roomLogo': '', 'roomStartTime': 1609729998379, 'roomDesc': '', 'shopName': '聪明且阿豆66', 'roomSubStatus': 0, 'webSocketUrl': 'ws://10.4.24.15:20000/sub', 'roomCode': '3f0f5952-447b-4058-91be-ab9c17b83e02', 'wangsuPullUrl': 'rtmp://rtmp-vipshop.mikktv.xyz/vipshop/3f0f5952-447b-4058-91be-ab9c17b83e02', 'shopAvatarPic': {'origin': 'https://vipshop-test.oss-cn-shanghai.aliyuncs.com/7c4d8900-5e29-4ad4-ac9d-e0b1af37134a_%E5%BE%AE%E4%BF%A1%E5%9B%BE%E7%89%87_20190507135253_WPS%E5%9B%BE%E7%89%87.jpg', 'w100': 'https://vipshop-test.oss-cn-shanghai.aliyuncs.com/7c4d8900-5e29-4ad4-ac9d-e0b1af37134a_%E5%BE%AE%E4%BF%A1%E5%9B%BE%E7%89%87_20190507135253_WPS%E5%9B%BE%E7%89%87.jpg?x-oss-process=image/resize,w_100,limit_0', 'w300': 'https://vipshop-test.oss-cn-shanghai.aliyuncs.com/7c4d8900-5e29-4ad4-ac9d-e0b1af37134a_%E5%BE%AE%E4%BF%A1%E5%9B%BE%E7%89%87_20190507135253_WPS%E5%9B%BE%E7%89%87.jpg?x-oss-process=image/resize,w_300,limit_0', 'w750': 'https://vipshop-test.oss-cn-shanghai.aliyuncs.com/7c4d8900-5e29-4ad4-ac9d-e0b1af37134a_%E5%BE%AE%E4%BF%A1%E5%9B%BE%E7%89%87_20190507135253_WPS%E5%9B%BE%E7%89%87.jpg?x-oss-process=image/resize,w_750,limit_0'}, 'roomId': '12ie', 'shopAvatar': 'https://vipshop-test.oss-cn-shanghai.aliyuncs.com/7c4d8900-5e29-4ad4-ac9d-e0b1af37134a_%E5%BE%AE%E4%BF%A1%E5%9B%BE%E7%89%87_20190507135253_WPS%E5%9B%BE%E7%89%87.jpg', 'roomStatus': 1, 'itemTotal': 0, 'hasExplainItem': False, 'roomLogoPic': {'origin': None, 'w100': None, 'w300': None, 'w750': None}, 'shareUrl': '', 'time': 1609743724681, 'explainItem': None, 'roomTitle': '??1113', 'shopIdStr': '168'}, 'traceId': None}
[2021-01-04 15:37:32,598-logger.py]-DEBUG:{'a': '1', 'p': '6', 'c': '0', 'v': '1.0.0', 't': '1609745852596', 'loginUserId': '52', 'loginToken': 'd349bc8914554ea38e3b31ce7bd0b815', 's': 's!%^%%s#%c%8s!~8%c', 'Content-Type': 'application/json'}
[2021-01-04 15:37:32,640-logger.py]-DEBUG:{'success': False, 'msg': '账号异常，请重新登录', 'errorCode': '40000007'}
[2021-01-04 15:37:32,641-logger.py]-DEBUG:返回结果：{'success': False, 'msg': '账号异常，请重新登录', 'errorCode': '40000007'}
[2021-01-04 15:37:46,210-logger.py]-DEBUG:返回结果：{'success': True, 'msg': None, 'errorCode': None, 'object': {'loginVo': {'userVo': {'id': 52, 'gmtModified': 1609745865577, 'gmtCreated': 1602316460206, 'creator': '', 'modifier': '', 'username': '9', 'personName': '11', 'userType': 10, 'userTypeEnum': 'CUSTOMER', 'status': 1, 'userStatusEnum': 'NORMAL', 'brandId': 0, 'shopId': 0, 'avatar': 'https://thirdwx.qlogo.cn/mmopen/vi_32/oI4uufyjFwlytkewd6pdyQUeP6U1aRibIlGNibvlQYntQPXpd8wULttiaSib9CBSIdXTGBczJvUoFe3N15ibnDyLW4w/132', 'gender': 2, 'mobile': '', 'mobileBak': '', 'deleted': False}, 'token': 'b9289090dd83484c9ad5fc89a7664bb8', 'brandName': None, 'shopName': None, 'thirdAccountInfo': {'unionId': 'oMilBt0LTixLYmOcMgLtbSTGWwns', 'openId': 'oYXqr5d65Xzh9dZ11udS8Rb1ThfM', 'appId': 'wx2d003fcd85961609'}}}, 'traceId': None}
[2021-01-04 15:37:58,237-logger.py]-DEBUG:{'a': '1', 'p': '6', 'c': '0', 'v': '1.0.0', 't': '1609745878235', 'loginUserId': '52', 'loginToken': 'b9289090dd83484c9ad5fc89a7664bb8', 's': '%&8@%&~r85~68~~%r$', 'Content-Type': 'application/json'}
[2021-01-04 15:37:58,286-logger.py]-DEBUG:{'success': False, 'msg': "Required String parameter 'commodityCode' is not present", 'errorCode': '500', 'object': None, 'traceId': None}
[2021-01-04 15:37:58,288-logger.py]-DEBUG:返回结果：{'success': False, 'msg': "Required String parameter 'commodityCode' is not present", 'errorCode': '500', 'object': None, 'traceId': None}
[2021-01-04 15:38:47,931-logger.py]-DEBUG:{'a': '1', 'p': '6', 'c': '0', 'v': '1.0.0', 't': '1609745927929', 'loginUserId': '52', 'loginToken': 'b9289090dd83484c9ad5fc89a7664bb8', 's': 'r~#$#c#855#8eere80', 'Content-Type': 'application/x-www-form-urlencoded'}
[2021-01-04 15:38:47,983-logger.py]-DEBUG:{'success': False, 'msg': '直播间[0]不存在', 'errorCode': '500', 'object': None, 'traceId': None}
[2021-01-04 15:38:47,986-logger.py]-DEBUG:返回结果：{'success': False, 'msg': '直播间[0]不存在', 'errorCode': '500', 'object': None, 'traceId': None}
[2021-01-04 15:41:42,184-logger.py]-DEBUG:{'a': '1', 'p': '6', 'c': '0', 'v': '1.0.0', 't': '1609746102182', 'loginUserId': '52', 'loginToken': 'b9289090dd83484c9ad5fc89a7664bb8', 's': '55e585&%~r~&5ecsr0', 'Content-Type': 'application/x-www-form-urlencoded'}
[2021-01-04 15:41:42,239-logger.py]-DEBUG:{'success': False, 'msg': '直播间[3863]不存在', 'errorCode': '500', 'object': None, 'traceId': None}
[2021-01-04 15:41:42,240-logger.py]-DEBUG:返回结果：{'success': False, 'msg': '直播间[3863]不存在', 'errorCode': '500', 'object': None, 'traceId': None}
[2021-01-04 15:43:10,570-logger.py]-DEBUG:{'a': '1', 'p': '6', 'c': '0', 'v': '1.0.0', 't': '1609746190569', 'loginUserId': '52', 'loginToken': 'b9289090dd83484c9ad5fc89a7664bb8', 's': '6!@&8e&&s0se5s!$sc', 'Content-Type': 'application/x-www-form-urlencoded'}
[2021-01-04 15:43:10,622-logger.py]-DEBUG:{'success': True, 'msg': None, 'errorCode': None, 'object': {}, 'traceId': None}
[2021-01-04 15:43:10,624-logger.py]-DEBUG:返回结果：{'success': True, 'msg': None, 'errorCode': None, 'object': {}, 'traceId': None}
[2021-01-04 15:43:24,608-logger.py]-DEBUG:{'a': '1', 'p': '6', 'c': '0', 'v': '1.0.0', 't': '1609746204606', 'loginUserId': '52', 'loginToken': 'b9289090dd83484c9ad5fc89a7664bb8', 's': 'r0#$5!5#5~#c#86~s!', 'Content-Type': 'application/x-www-form-urlencoded'}
[2021-01-04 15:43:24,694-logger.py]-DEBUG:{'success': True, 'msg': None, 'errorCode': None, 'object': {'marketPrice': 100000, 'commodityDetailPicturePic': None, 'isFreeShipping': False, 'liveroom': {'roomLogo': 'https://vipshop-test.oss-cn-shanghai.aliyuncs.com/a8c4233b-97be-43c9-9e38-4f789229be12_broadcast_cover_17800000010_1604996778.jpg', 'roomLogoPic': {'origin': 'https://vipshop-test.oss-cn-shanghai.aliyuncs.com/a8c4233b-97be-43c9-9e38-4f789229be12_broadcast_cover_17800000010_1604996778.jpg', 'w100': 'https://vipshop-test.oss-cn-shanghai.aliyuncs.com/a8c4233b-97be-43c9-9e38-4f789229be12_broadcast_cover_17800000010_1604996778.jpg?x-oss-process=image/resize,w_100,limit_0', 'w300': 'https://vipshop-test.oss-cn-shanghai.aliyuncs.com/a8c4233b-97be-43c9-9e38-4f789229be12_broadcast_cover_17800000010_1604996778.jpg?x-oss-process=image/resize,w_300,limit_0', 'w750': 'https://vipshop-test.oss-cn-shanghai.aliyuncs.com/a8c4233b-97be-43c9-9e38-4f789229be12_broadcast_cover_17800000010_1604996778.jpg?x-oss-process=image/resize,w_750,limit_0'}, 'shopId': '122', 'roomTitle': '开了', 'userId': '120', 'roomId': '1152', 'subStatus': 0, 'status': 4, 'watchCount': 0}, 'commodityId': '1bu', 'inventory': 6, 'bigPicture': 'https://testmelotedu.oss-cn-hangzhou.aliyuncs.com/47f9e9e4-98c0-4d0d-b4d5-7c88a1266314_L1%20scratch%E7%BC%96%E7%A8%8B%E5%85%A5%E9%97%A8.png', 'cityName': '杭州市', 'commodityCode': '369d77c09123467eb9d14ba7269ff618', 'name': '名字很长很长的编程入门名字很长很长的编程入门名字很长很长的编程入门', 'commodityDetail': '名字很长的商品，未设置规格', 'shareUrl': '', 'maxPrice': 0, 'sku': [{'id': 353, 'gmtModified': 1605081377828, 'gmtCreated': 1602229029729, 'creator': ' ', 'modifier': ' ', 'commoditySize': 6, 'availableSize': 6, 'advanceSize': 0, 'passingSize': 0, 'commodityCode': '369d77c09123467eb9d14ba7269ff618', 'commodityId': 185, 'shopId': 9, 'brandId': 4, 'status': 1, 'skuSmallCategoryComb': 'default', 'detail': ' ', 'price': 0, 'skuInventoryIdStr': None, 'skuBizCode': '', 'deleted': False}], 'bigPicturePic': [{'origin': 'https://testmelotedu.oss-cn-hangzhou.aliyuncs.com/47f9e9e4-98c0-4d0d-b4d5-7c88a1266314_L1%20scratch%E7%BC%96%E7%A8%8B%E5%85%A5%E9%97%A8.png', 'w100': 'https://testmelotedu.oss-cn-hangzhou.aliyuncs.com/47f9e9e4-98c0-4d0d-b4d5-7c88a1266314_L1%20scratch%E7%BC%96%E7%A8%8B%E5%85%A5%E9%97%A8.png?x-oss-process=image/resize,w_100,limit_0', 'w300': 'https://testmelotedu.oss-cn-hangzhou.aliyuncs.com/47f9e9e4-98c0-4d0d-b4d5-7c88a1266314_L1%20scratch%E7%BC%96%E7%A8%8B%E5%85%A5%E9%97%A8.png?x-oss-process=image/resize,w_300,limit_0', 'w750': 'https://testmelotedu.oss-cn-hangzhou.aliyuncs.com/47f9e9e4-98c0-4d0d-b4d5-7c88a1266314_L1%20scratch%E7%BC%96%E7%A8%8B%E5%85%A5%E9%97%A8.png?x-oss-process=image/resize,w_750,limit_0'}], 'commodityDetailPicture': None, 'status': 1, 'realPrice': 10000}, 'traceId': None}
[2021-01-04 15:43:24,696-logger.py]-DEBUG:返回结果：{'success': True, 'msg': None, 'errorCode': None, 'object': {'marketPrice': 100000, 'commodityDetailPicturePic': None, 'isFreeShipping': False, 'liveroom': {'roomLogo': 'https://vipshop-test.oss-cn-shanghai.aliyuncs.com/a8c4233b-97be-43c9-9e38-4f789229be12_broadcast_cover_17800000010_1604996778.jpg', 'roomLogoPic': {'origin': 'https://vipshop-test.oss-cn-shanghai.aliyuncs.com/a8c4233b-97be-43c9-9e38-4f789229be12_broadcast_cover_17800000010_1604996778.jpg', 'w100': 'https://vipshop-test.oss-cn-shanghai.aliyuncs.com/a8c4233b-97be-43c9-9e38-4f789229be12_broadcast_cover_17800000010_1604996778.jpg?x-oss-process=image/resize,w_100,limit_0', 'w300': 'https://vipshop-test.oss-cn-shanghai.aliyuncs.com/a8c4233b-97be-43c9-9e38-4f789229be12_broadcast_cover_17800000010_1604996778.jpg?x-oss-process=image/resize,w_300,limit_0', 'w750': 'https://vipshop-test.oss-cn-shanghai.aliyuncs.com/a8c4233b-97be-43c9-9e38-4f789229be12_broadcast_cover_17800000010_1604996778.jpg?x-oss-process=image/resize,w_750,limit_0'}, 'shopId': '122', 'roomTitle': '开了', 'userId': '120', 'roomId': '1152', 'subStatus': 0, 'status': 4, 'watchCount': 0}, 'commodityId': '1bu', 'inventory': 6, 'bigPicture': 'https://testmelotedu.oss-cn-hangzhou.aliyuncs.com/47f9e9e4-98c0-4d0d-b4d5-7c88a1266314_L1%20scratch%E7%BC%96%E7%A8%8B%E5%85%A5%E9%97%A8.png', 'cityName': '杭州市', 'commodityCode': '369d77c09123467eb9d14ba7269ff618', 'name': '名字很长很长的编程入门名字很长很长的编程入门名字很长很长的编程入门', 'commodityDetail': '名字很长的商品，未设置规格', 'shareUrl': '', 'maxPrice': 0, 'sku': [{'id': 353, 'gmtModified': 1605081377828, 'gmtCreated': 1602229029729, 'creator': ' ', 'modifier': ' ', 'commoditySize': 6, 'availableSize': 6, 'advanceSize': 0, 'passingSize': 0, 'commodityCode': '369d77c09123467eb9d14ba7269ff618', 'commodityId': 185, 'shopId': 9, 'brandId': 4, 'status': 1, 'skuSmallCategoryComb': 'default', 'detail': ' ', 'price': 0, 'skuInventoryIdStr': None, 'skuBizCode': '', 'deleted': False}], 'bigPicturePic': [{'origin': 'https://testmelotedu.oss-cn-hangzhou.aliyuncs.com/47f9e9e4-98c0-4d0d-b4d5-7c88a1266314_L1%20scratch%E7%BC%96%E7%A8%8B%E5%85%A5%E9%97%A8.png', 'w100': 'https://testmelotedu.oss-cn-hangzhou.aliyuncs.com/47f9e9e4-98c0-4d0d-b4d5-7c88a1266314_L1%20scratch%E7%BC%96%E7%A8%8B%E5%85%A5%E9%97%A8.png?x-oss-process=image/resize,w_100,limit_0', 'w300': 'https://testmelotedu.oss-cn-hangzhou.aliyuncs.com/47f9e9e4-98c0-4d0d-b4d5-7c88a1266314_L1%20scratch%E7%BC%96%E7%A8%8B%E5%85%A5%E9%97%A8.png?x-oss-process=image/resize,w_300,limit_0', 'w750': 'https://testmelotedu.oss-cn-hangzhou.aliyuncs.com/47f9e9e4-98c0-4d0d-b4d5-7c88a1266314_L1%20scratch%E7%BC%96%E7%A8%8B%E5%85%A5%E9%97%A8.png?x-oss-process=image/resize,w_750,limit_0'}], 'commodityDetailPicture': None, 'status': 1, 'realPrice': 10000}, 'traceId': None}
[2021-01-04 15:49:26,380-logger.py]-DEBUG:{'a': '1', 'p': '6', 'c': '0', 'v': '1.0.0', 't': '1609746566378', 'loginUserId': '52', 'loginToken': 'b9289090dd83484c9ad5fc89a7664bb8', 's': '%&8@%&~&%%~&%&~858', 'Content-Type': 'application/json'}
[2021-01-04 15:49:26,424-logger.py]-DEBUG:{'success': False, 'msg': "Required String parameter 'commodityCode' is not present", 'errorCode': '500', 'object': None, 'traceId': None}
[2021-01-04 15:49:26,425-logger.py]-DEBUG:返回结果：{'success': False, 'msg': "Required String parameter 'commodityCode' is not present", 'errorCode': '500', 'object': None, 'traceId': None}
[2021-01-04 15:50:07,590-logger.py]-DEBUG:{'a': '1', 'p': '6', 'c': '0', 'v': '1.0.0', 't': '1609746607589', 'loginUserId': '52', 'loginToken': 'b9289090dd83484c9ad5fc89a7664bb8', 's': '6ee58!&&~rse5s!$se', 'Content-Type': 'application/x-www-form-urlencoded'}
[2021-01-04 15:50:07,634-logger.py]-DEBUG:{'success': True, 'msg': None, 'errorCode': None, 'object': {}, 'traceId': None}
[2021-01-04 15:50:07,635-logger.py]-DEBUG:返回结果：{'success': True, 'msg': None, 'errorCode': None, 'object': {}, 'traceId': None}
[2021-01-04 15:50:07,640-logger.py]-DEBUG:{'a': '1', 'p': '6', 'c': '0', 'v': '1.0.0', 't': '1609746607639', 'loginUserId': '52', 'loginToken': 'b9289090dd83484c9ad5fc89a7664bb8', 's': '%&8@%&~&%c~$%6~&58', 'Content-Type': 'application/json'}
[2021-01-04 15:50:07,691-logger.py]-DEBUG:{'success': False, 'msg': "Required String parameter 'commodityCode' is not present", 'errorCode': '500', 'object': None, 'traceId': None}
[2021-01-04 15:50:07,692-logger.py]-DEBUG:返回结果：{'success': False, 'msg': "Required String parameter 'commodityCode' is not present", 'errorCode': '500', 'object': None, 'traceId': None}
[2021-01-04 15:50:49,920-logger.py]-DEBUG:{'a': '1', 'p': '6', 'c': '0', 'v': '1.0.0', 't': '1609746649919', 'loginUserId': '52', 'loginToken': 'b9289090dd83484c9ad5fc89a7664bb8', 's': '6ee0%^6!s@se5s!$0!', 'Content-Type': 'application/x-www-form-urlencoded'}
[2021-01-04 15:50:49,981-logger.py]-DEBUG:{'success': True, 'msg': None, 'errorCode': None, 'object': {}, 'traceId': None}
[2021-01-04 15:50:49,982-logger.py]-DEBUG:返回结果：{'success': True, 'msg': None, 'errorCode': None, 'object': {}, 'traceId': None}
[2021-01-04 15:50:49,987-logger.py]-DEBUG:{'a': '1', 'p': '6', 'c': '0', 'v': '1.0.0', 't': '1609746649987', 'loginUserId': '52', 'loginToken': 'b9289090dd83484c9ad5fc89a7664bb8', 's': 's#%8ss^re~~8$^~^6$', 'Content-Type': 'application/x-www-form-urlencoded'}
[2021-01-04 15:50:50,046-logger.py]-DEBUG:{'success': True, 'msg': None, 'errorCode': None, 'object': {}, 'traceId': None}
[2021-01-04 15:50:50,048-logger.py]-DEBUG:返回结果：{'success': True, 'msg': None, 'errorCode': None, 'object': {}, 'traceId': None}
[2021-01-04 16:27:00,737-logger.py]-DEBUG:{'a': '1', 'p': '6', 'c': '0', 'v': '1.0.0', 't': '1609748820736', 'loginUserId': '52', 'loginToken': 'b9289090dd83484c9ad5fc89a7664bb8', 's': '%&8@%&s~85~%%$~66@', 'Content-Type': 'application/json'}
[2021-01-04 16:27:01,047-logger.py]-DEBUG:{'success': False, 'msg': '最多只能添加10个收货地址哦', 'errorCode': 'webapi-auth-0108', 'object': None, 'traceId': None}
[2021-01-04 16:27:01,048-logger.py]-DEBUG:返回结果：{'success': False, 'msg': '最多只能添加10个收货地址哦', 'errorCode': 'webapi-auth-0108', 'object': None, 'traceId': None}
[2021-01-04 16:34:17,236-logger.py]-INFO:最多只能添加10个收货地址哦
[2021-01-04 16:48:00,986-logger.py]-DEBUG:{'a': '1', 'p': '6', 'c': '0', 'v': '1.0.0', 't': '1609750080984', 'loginUserId': '52', 'loginToken': 'b9289090dd83484c9ad5fc89a7664bb8', 's': '%&8@%6~$%6s~%$sss~', 'Content-Type': 'application/json'}
[2021-01-04 16:48:01,041-logger.py]-DEBUG:{'success': False, 'msg': '最多只能添加10个收货地址哦', 'errorCode': 'webapi-auth-0108', 'object': None, 'traceId': None}
[2021-01-04 16:48:01,041-logger.py]-DEBUG:返回结果：{'success': False, 'msg': '最多只能添加10个收货地址哦', 'errorCode': 'webapi-auth-0108', 'object': None, 'traceId': None}
[2021-01-04 16:59:30,596-logger.py]-DEBUG:{'a': '1', 'p': '6', 'c': '0', 'v': '1.0.0', 't': '1609750770595', 'loginUserId': '52', 'loginToken': 'b9289090dd83484c9ad5fc89a7664bb8', 's': '%&8@%6~$%$~6%$~r58', 'Content-Type': 'application/json'}
[2021-01-04 16:59:30,651-logger.py]-DEBUG:{'success': False, 'msg': '用户地址修改失败', 'errorCode': 'webapi-auth-0105', 'object': None, 'traceId': None}
[2021-01-04 16:59:30,652-logger.py]-DEBUG:返回结果：{'success': False, 'msg': '用户地址修改失败', 'errorCode': 'webapi-auth-0105', 'object': None, 'traceId': None}
[2021-01-04 17:02:09,542-logger.py]-DEBUG:{'a': '1', 'p': '6', 'c': '0', 'v': '1.0.0', 't': '1609750929540', 'loginUserId': '52', 'loginToken': 'b9289090dd83484c9ad5fc89a7664bb8', 's': '%&8@%6~$8#~%8s~rr$', 'Content-Type': 'application/json'}
[2021-01-04 17:02:09,601-logger.py]-DEBUG:{'success': False, 'msg': '用户地址修改失败', 'errorCode': 'webapi-auth-0105', 'object': None, 'traceId': None}
[2021-01-04 17:02:09,603-logger.py]-DEBUG:返回结果：{'success': False, 'msg': '用户地址修改失败', 'errorCode': 'webapi-auth-0105', 'object': None, 'traceId': None}
[2021-01-04 17:04:35,042-logger.py]-DEBUG:{'a': '1', 'p': '6', 'c': '0', 'v': '1.0.0', 't': '1609751075041', 'loginUserId': '52', 'loginToken': 'b9289090dd83484c9ad5fc89a7664bb8', 's': '%&8@%6~c%6~6%r~$58', 'Content-Type': 'application/json'}
[2021-01-04 17:04:35,098-logger.py]-DEBUG:{'success': True, 'msg': None, 'errorCode': None, 'object': None, 'traceId': None}
[2021-01-04 17:04:35,099-logger.py]-DEBUG:返回结果：{'success': True, 'msg': None, 'errorCode': None, 'object': None, 'traceId': None}
[2021-01-04 17:15:41,644-logger.py]-DEBUG:{'a': '1', 'p': '6', 'c': '0', 'v': '1.0.0', 't': '1609751741643', 'loginUserId': '52', 'loginToken': 'b9289090dd83484c9ad5fc89a7664bb8', 's': '%&8@%6~c%$~^%c~&58', 'Content-Type': 'application/json'}
[2021-01-04 17:15:41,715-logger.py]-DEBUG:{'success': True, 'msg': None, 'errorCode': None, 'object': {'list': [{'id': 76, 'gmtModified': 1609211153901, 'gmtCreated': 1607582676306, 'creator': ' ', 'modifier': ' ', 'addressId': '15s', 'userId': 52, 'nickName': '宁贵', 'provinceCode': '460000', 'provinceName': '海南省', 'cityCode': '460100', 'cityName': '海口市', 'districtCode': '460105', 'districtName': '秀英区', 'streetCode': None, 'streetName': None, 'addressDetail': 'hdjxjxbxjxxj', 'phone': '13688085588', 'isDefault': 1, 'deleted': False}, {'id': 27, 'gmtModified': 1609751074331, 'gmtCreated': 1604541382175, 'creator': ' ', 'modifier': ' ', 'addressId': '132', 'userId': 52, 'nickName': '20210104170435名', 'provinceCode': '110000', 'provinceName': '北京市', 'cityCode': '110100', 'cityName': '北京市', 'districtCode': '110101', 'districtName': '东城区', 'streetCode': '', 'streetName': '', 'addressDetail': '20210104170435', 'phone': '13630314718', 'isDefault': 0, 'deleted': False}, {'id': 28, 'gmtModified': 1609211153898, 'gmtCreated': 1604541415722, 'creator': ' ', 'modifier': ' ', 'addressId': '134', 'userId': 52, 'nickName': '美容师照片', 'provinceCode': '330000', 'provinceName': '浙江省', 'cityCode': '330100', 'cityName': '杭州市', 'districtCode': '330102', 'districtName': '上城区', 'streetCode': None, 'streetName': None, 'addressDetail': '哄哄哄哄你明明', 'phone': '15698986946', 'isDefault': 0, 'deleted': False}, {'id': 24, 'gmtModified': 1606961189929, 'gmtCreated': 1604494659746, 'creator': ' ', 'modifier': ' ', 'addressId': '12w', 'userId': 52, 'nickName': '没有遇见你', 'provinceCode': '330000', 'provinceName': '浙江省', 'cityCode': '330100', 'cityName': '杭州市', 'districtCode': '330102', 'districtName': '上城区', 'streetCode': None, 'streetName': None, 'addressDetail': '突然想起你婆婆婆婆婆婆婆', 'phone': '15566998889', 'isDefault': 0, 'deleted': False}, {'id': 73, 'gmtModified': 1606961172853, 'gmtCreated': 1606961172853, 'creator': ' ', 'modifier': ' ', 'addressId': '15m', 'userId': 52, 'nickName': '哦哦哦路', 'provinceCode': '540000', 'provinceName': '西藏自治区', 'cityCode': '540100', 'cityName': '拉萨市', 'districtCode': '540102', 'districtName': '城关区', 'streetCode': None, 'streetName': None, 'addressDetail': '默默', 'phone': '16988555555', 'isDefault': 0, 'deleted': False}, {'id': 29, 'gmtModified': 1606912262780, 'gmtCreated': 1604541437418, 'creator': ' ', 'modifier': ' ', 'addressId': '136', 'userId': 52, 'nickName': '爱哭', 'provinceCode': '120000', 'provinceName': '天津市', 'cityCode': '120100', 'cityName': '天津市', 'districtCode': '120101', 'districtName': '和平区', 'streetCode': None, 'streetName': None, 'addressDetail': 'job 哦哦哦哦哦哦', 'phone': '13654578767', 'isDefault': 0, 'deleted': False}, {'id': 31, 'gmtModified': 1604541490508, 'gmtCreated': 1604541490508, 'creator': ' ', 'modifier': ' ', 'addressId': '13a', 'userId': 52, 'nickName': '民歌', 'provinceCode': '340000', 'provinceName': '安徽省', 'cityCode': '340100', 'cityName': '合肥市', 'districtCode': '340102', 'districtName': '瑶海区', 'streetCode': None, 'streetName': None, 'addressDetail': '你明明', 'phone': '16467524646', 'isDefault': 0, 'deleted': False}, {'id': 30, 'gmtModified': 1604541464922, 'gmtCreated': 1604541464922, 'creator': ' ', 'modifier': ' ', 'addressId': '138', 'userId': 52, 'nickName': '姓名您', 'provinceCode': '510000', 'provinceName': '四川省', 'cityCode': '510100', 'cityName': '成都市', 'districtCode': '510104', 'districtName': '锦江区', 'streetCode': None, 'streetName': None, 'addressDetail': '兴民', 'phone': '16464646466', 'isDefault': 0, 'deleted': False}, {'id': 26, 'gmtModified': 1604541340588, 'gmtCreated': 1604541291033, 'creator': ' ', 'modifier': ' ', 'addressId': '130', 'userId': 52, 'nickName': '牛肉面so', 'provinceCode': '330000', 'provinceName': '浙江省', 'cityCode': '330100', 'cityName': '杭州市', 'districtCode': '330102', 'districtName': '上城区', 'streetCode': None, 'streetName': None, 'addressDetail': '你你你你', 'phone': '15908656865', 'isDefault': 0, 'deleted': False}, {'id': 25, 'gmtModified': 1604541337746, 'gmtCreated': 1604541266039, 'creator': ' ', 'modifier': ' ', 'addressId': '12y', 'userId': 52, 'nickName': '木木木', 'provinceCode': '150000', 'provinceName': '内蒙古自治区', 'cityCode': '150100', 'cityName': '呼和浩特市', 'districtCode': '150102', 'districtName': '新城区', 'streetCode': None, 'streetName': None, 'addressDetail': '破公司你们', 'phone': '13400889899', 'isDefault': 0, 'deleted': False}], 'page': 0, 'pageCount': 0, 'pageSize': 0, 'total': 10}, 'traceId': None}
[2021-01-04 17:15:41,716-logger.py]-DEBUG:返回结果：{'success': True, 'msg': None, 'errorCode': None, 'object': {'list': [{'id': 76, 'gmtModified': 1609211153901, 'gmtCreated': 1607582676306, 'creator': ' ', 'modifier': ' ', 'addressId': '15s', 'userId': 52, 'nickName': '宁贵', 'provinceCode': '460000', 'provinceName': '海南省', 'cityCode': '460100', 'cityName': '海口市', 'districtCode': '460105', 'districtName': '秀英区', 'streetCode': None, 'streetName': None, 'addressDetail': 'hdjxjxbxjxxj', 'phone': '13688085588', 'isDefault': 1, 'deleted': False}, {'id': 27, 'gmtModified': 1609751074331, 'gmtCreated': 1604541382175, 'creator': ' ', 'modifier': ' ', 'addressId': '132', 'userId': 52, 'nickName': '20210104170435名', 'provinceCode': '110000', 'provinceName': '北京市', 'cityCode': '110100', 'cityName': '北京市', 'districtCode': '110101', 'districtName': '东城区', 'streetCode': '', 'streetName': '', 'addressDetail': '20210104170435', 'phone': '13630314718', 'isDefault': 0, 'deleted': False}, {'id': 28, 'gmtModified': 1609211153898, 'gmtCreated': 1604541415722, 'creator': ' ', 'modifier': ' ', 'addressId': '134', 'userId': 52, 'nickName': '美容师照片', 'provinceCode': '330000', 'provinceName': '浙江省', 'cityCode': '330100', 'cityName': '杭州市', 'districtCode': '330102', 'districtName': '上城区', 'streetCode': None, 'streetName': None, 'addressDetail': '哄哄哄哄你明明', 'phone': '15698986946', 'isDefault': 0, 'deleted': False}, {'id': 24, 'gmtModified': 1606961189929, 'gmtCreated': 1604494659746, 'creator': ' ', 'modifier': ' ', 'addressId': '12w', 'userId': 52, 'nickName': '没有遇见你', 'provinceCode': '330000', 'provinceName': '浙江省', 'cityCode': '330100', 'cityName': '杭州市', 'districtCode': '330102', 'districtName': '上城区', 'streetCode': None, 'streetName': None, 'addressDetail': '突然想起你婆婆婆婆婆婆婆', 'phone': '15566998889', 'isDefault': 0, 'deleted': False}, {'id': 73, 'gmtModified': 1606961172853, 'gmtCreated': 1606961172853, 'creator': ' ', 'modifier': ' ', 'addressId': '15m', 'userId': 52, 'nickName': '哦哦哦路', 'provinceCode': '540000', 'provinceName': '西藏自治区', 'cityCode': '540100', 'cityName': '拉萨市', 'districtCode': '540102', 'districtName': '城关区', 'streetCode': None, 'streetName': None, 'addressDetail': '默默', 'phone': '16988555555', 'isDefault': 0, 'deleted': False}, {'id': 29, 'gmtModified': 1606912262780, 'gmtCreated': 1604541437418, 'creator': ' ', 'modifier': ' ', 'addressId': '136', 'userId': 52, 'nickName': '爱哭', 'provinceCode': '120000', 'provinceName': '天津市', 'cityCode': '120100', 'cityName': '天津市', 'districtCode': '120101', 'districtName': '和平区', 'streetCode': None, 'streetName': None, 'addressDetail': 'job 哦哦哦哦哦哦', 'phone': '13654578767', 'isDefault': 0, 'deleted': False}, {'id': 31, 'gmtModified': 1604541490508, 'gmtCreated': 1604541490508, 'creator': ' ', 'modifier': ' ', 'addressId': '13a', 'userId': 52, 'nickName': '民歌', 'provinceCode': '340000', 'provinceName': '安徽省', 'cityCode': '340100', 'cityName': '合肥市', 'districtCode': '340102', 'districtName': '瑶海区', 'streetCode': None, 'streetName': None, 'addressDetail': '你明明', 'phone': '16467524646', 'isDefault': 0, 'deleted': False}, {'id': 30, 'gmtModified': 1604541464922, 'gmtCreated': 1604541464922, 'creator': ' ', 'modifier': ' ', 'addressId': '138', 'userId': 52, 'nickName': '姓名您', 'provinceCode': '510000', 'provinceName': '四川省', 'cityCode': '510100', 'cityName': '成都市', 'districtCode': '510104', 'districtName': '锦江区', 'streetCode': None, 'streetName': None, 'addressDetail': '兴民', 'phone': '16464646466', 'isDefault': 0, 'deleted': False}, {'id': 26, 'gmtModified': 1604541340588, 'gmtCreated': 1604541291033, 'creator': ' ', 'modifier': ' ', 'addressId': '130', 'userId': 52, 'nickName': '牛肉面so', 'provinceCode': '330000', 'provinceName': '浙江省', 'cityCode': '330100', 'cityName': '杭州市', 'districtCode': '330102', 'districtName': '上城区', 'streetCode': None, 'streetName': None, 'addressDetail': '你你你你', 'phone': '15908656865', 'isDefault': 0, 'deleted': False}, {'id': 25, 'gmtModified': 1604541337746, 'gmtCreated': 1604541266039, 'creator': ' ', 'modifier': ' ', 'addressId': '12y', 'userId': 52, 'nickName': '木木木', 'provinceCode': '150000', 'provinceName': '内蒙古自治区', 'cityCode': '150100', 'cityName': '呼和浩特市', 'districtCode': '150102', 'districtName': '新城区', 'streetCode': None, 'streetName': None, 'addressDetail': '破公司你们', 'phone': '13400889899', 'isDefault': 0, 'deleted': False}], 'page': 0, 'pageCount': 0, 'pageSize': 0, 'total': 10}, 'traceId': None}
[2021-01-04 17:23:32,670-logger.py]-DEBUG:{'a': '1', 'p': '6', 'c': '0', 'v': '1.0.0', 't': '1609752212669', 'loginUserId': '52', 'loginToken': 'b9289090dd83484c9ad5fc89a7664bb8', 's': '^8#r^c^r^&e@^re5!@', 'Content-Type': 'application/x-www-form-urlencoded'}
[2021-01-04 17:23:32,721-logger.py]-DEBUG:{'success': True, 'msg': None, 'errorCode': None, 'object': None, 'traceId': None}
[2021-01-04 17:23:32,722-logger.py]-DEBUG:返回结果：{'success': True, 'msg': None, 'errorCode': None, 'object': None, 'traceId': None}
[2021-01-04 17:25:13,880-logger.py]-DEBUG:{'a': '1', 'p': '6', 'c': '0', 'v': '1.0.0', 't': '1609752313878', 'loginUserId': '52', 'loginToken': 'b9289090dd83484c9ad5fc89a7664bb8', 's': '#$^%50r~^^^&e@^^#!', 'Content-Type': 'application/x-www-form-urlencoded'}
[2021-01-04 17:25:13,929-logger.py]-DEBUG:{'success': True, 'msg': None, 'errorCode': None, 'object': {'id': 30, 'gmtModified': 1604541464922, 'gmtCreated': 1604541464922, 'creator': ' ', 'modifier': ' ', 'addressId': '138', 'userId': 52, 'nickName': '姓名您', 'provinceCode': '510000', 'provinceName': '四川省', 'cityCode': '510100', 'cityName': '成都市', 'districtCode': '510104', 'districtName': '锦江区', 'streetCode': None, 'streetName': None, 'addressDetail': '兴民', 'phone': '16464646466', 'isDefault': 0, 'deleted': False}, 'traceId': None}
[2021-01-04 17:25:13,930-logger.py]-DEBUG:返回结果：{'success': True, 'msg': None, 'errorCode': None, 'object': {'id': 30, 'gmtModified': 1604541464922, 'gmtCreated': 1604541464922, 'creator': ' ', 'modifier': ' ', 'addressId': '138', 'userId': 52, 'nickName': '姓名您', 'provinceCode': '510000', 'provinceName': '四川省', 'cityCode': '510100', 'cityName': '成都市', 'districtCode': '510104', 'districtName': '锦江区', 'streetCode': None, 'streetName': None, 'addressDetail': '兴民', 'phone': '16464646466', 'isDefault': 0, 'deleted': False}, 'traceId': None}
[2021-01-04 17:28:49,956-logger.py]-DEBUG:{'a': '1', 'p': '6', 'c': '0', 'v': '1.0.0', 't': '1609752529955', 'loginUserId': '52', 'loginToken': 'b9289090dd83484c9ad5fc89a7664bb8', 's': '#8r~5!r!rs^&e@^%&e', 'Content-Type': 'application/x-www-form-urlencoded'}
[2021-01-04 17:28:50,010-logger.py]-DEBUG:{'success': True, 'msg': None, 'errorCode': None, 'object': None, 'traceId': None}
[2021-01-04 17:28:50,011-logger.py]-DEBUG:返回结果：{'success': True, 'msg': None, 'errorCode': None, 'object': None, 'traceId': None}
